{
  "uuid": "079e158a57824df6a7adf49410687368",
  "historyId": "04 Delete project",
  "fullName": "04 Delete project",
  "labels": [
    {
      "name": "thread",
      "value": "NonParallelWorker"
    },
    {
      "name": "host",
      "value": "fv-az341-970"
    },
    {
      "name": "feature",
      "value": "Todoly Page Functionality of project"
    },
    {
      "name": "tag",
      "value": "Todoly"
    },
    {
      "name": "tag",
      "value": "DeleteProject"
    }
  ],
  "links": [],
  "name": "04 Delete project",
  "status": "broken",
  "statusDetails": {
    "known": false,
    "muted": false,
    "flaky": false,
    "message": "Unable to locate driver with path: /home/runner/work/todoly-specflow/todoly-specflow/todoly-specflow/resources/driver/linux/chromedriver/chromedriver, for more information on how to install drivers see https://www.selenium.dev/documentation/webdriver/getting_started/install_drivers/ -> No process is associated with this object.",
    "trace": "OpenQA.Selenium.WebDriverException: Unable to locate driver with path: /home/runner/work/todoly-specflow/todoly-specflow/todoly-specflow/resources/driver/linux/chromedriver/chromedriver, for more information on how to install drivers see https://www.selenium.dev/documentation/webdriver/getting_started/install_drivers/\n ---> System.InvalidOperationException: No process is associated with this object.\n   at System.Diagnostics.Process.EnsureState(State state)\n   at System.Diagnostics.Process.get_HasExited()\n   at System.Diagnostics.Process.EnsureState(State state)\n   at System.Diagnostics.Process.get_ExitCode()\n   at OpenQA.Selenium.SeleniumManager.RunCommand(String fileName, String arguments)\n   at OpenQA.Selenium.SeleniumManager.DriverPath(DriverOptions options)\n   at OpenQA.Selenium.DriverFinder.VerifyDriverServicePath(DriverService service, DriverOptions options)\n   --- End of inner exception stack trace ---\n   at OpenQA.Selenium.DriverFinder.VerifyDriverServicePath(DriverService service, DriverOptions options)\n   at OpenQA.Selenium.Chromium.ChromiumDriver..ctor(ChromiumDriverService service, ChromiumOptions options, TimeSpan commandTimeout)\n   at OpenQA.Selenium.Chrome.ChromeDriver..ctor(ChromeDriverService service, ChromeOptions options, TimeSpan commandTimeout)\n   at OpenQA.Selenium.Chrome.ChromeDriver..ctor(String chromeDriverDirectory, ChromeOptions options, TimeSpan commandTimeout)\n   at OpenQA.Selenium.Chrome.ChromeDriver..ctor(String chromeDriverDirectory, ChromeOptions options)\n   at todoly_specflow.src.code.factoryBrowser.Chrome.Create() in /home/runner/work/todoly-specflow/todoly-specflow/todoly-specflow/src/code/factoryBrowser/Chrome.cs:line 20\n   at todoly_specflow.src.code.session.Session..ctor() in /home/runner/work/todoly-specflow/todoly-specflow/todoly-specflow/src/code/session/Session.cs:line 14\n   at todoly_specflow.src.code.session.Session.<>c.<.cctor>b__10_0() in /home/runner/work/todoly-specflow/todoly-specflow/todoly-specflow/src/code/session/Session.cs:line 9\n   at System.Lazy`1.ViaFactory(LazyThreadSafetyMode mode)\n--- End of stack trace from previous location ---\n   at System.Lazy`1.CreateValue()\n   at System.Lazy`1.get_Value()\n   at todoly_specflow.src.code.session.Session.get_Instance() in /home/runner/work/todoly-specflow/todoly-specflow/todoly-specflow/src/code/session/Session.cs:line 17\n   at todoly_specflow.src.code.test.TestBase.CloseBrowser() in /home/runner/work/todoly-specflow/todoly-specflow/todoly-specflow/src/code/test/TestBase.cs:line 25\n   at TechTalk.SpecFlow.Bindings.BindingInvoker.InvokeBinding(IBinding binding, IContextManager contextManager, Object[] arguments, ITestTracer testTracer, TimeSpan& duration)\n   at Allure.SpecFlowPlugin.AllureBindingInvoker.InvokeBinding(IBinding binding, IContextManager contextManager, Object[] arguments, ITestTracer testTracer, TimeSpan& duration)"
  },
  "stage": "finished",
  "steps": [
    {
      "name": "Given  I am on the left section to click the updated project name \"UpdatedProject\"",
      "status": "failed",
      "statusDetails": {
        "known": false,
        "muted": false,
        "flaky": false
      },
      "stage": "finished",
      "steps": [],
      "attachments": [],
      "parameters": [],
      "start": 1685721522000,
      "stop": 1685721522000
    },
    {
      "name": "And  I click on sub menu icon to click the delete button",
      "status": "skipped",
      "statusDetails": {
        "known": false,
        "muted": false,
        "flaky": false
      },
      "stage": "finished",
      "steps": [],
      "attachments": [],
      "parameters": [],
      "start": 1685721522001,
      "stop": 1685721522001
    },
    {
      "name": "When  I accept the Alert message",
      "status": "skipped",
      "statusDetails": {
        "known": false,
        "muted": false,
        "flaky": false
      },
      "stage": "finished",
      "steps": [],
      "attachments": [],
      "parameters": [],
      "start": 1685721522001,
      "stop": 1685721522001
    },
    {
      "name": "Then  The project name \"UpdatedProject\" should no longer be displayed",
      "status": "skipped",
      "statusDetails": {
        "known": false,
        "muted": false,
        "flaky": false
      },
      "stage": "finished",
      "steps": [],
      "attachments": [],
      "parameters": [],
      "start": 1685721522001,
      "stop": 1685721522001
    }
  ],
  "attachments": [],
  "parameters": [],
  "start": 1685721522000,
  "stop": 1685721522001
}