{"uid":"88148c455d29bc5e","name":"03 Update project","fullName":"03 Update project","historyId":"03 Update project","time":{"start":1685724435609,"stop":1685724435613,"duration":4},"status":"failed","statusMessage":"Unable to locate driver with path: /home/runner/work/todoly-specflow/todoly-specflow/todoly-specflow/resources/driver/chromedriver.exe/chromedriver, for more information on how to install drivers see https://www.selenium.dev/documentation/webdriver/getting_started/install_drivers/ -> No process is associated with this object.","statusTrace":"OpenQA.Selenium.WebDriverException: Unable to locate driver with path: /home/runner/work/todoly-specflow/todoly-specflow/todoly-specflow/resources/driver/chromedriver.exe/chromedriver, for more information on how to install drivers see https://www.selenium.dev/documentation/webdriver/getting_started/install_drivers/\n ---> System.InvalidOperationException: No process is associated with this object.\n   at System.Diagnostics.Process.EnsureState(State state)\n   at System.Diagnostics.Process.get_HasExited()\n   at System.Diagnostics.Process.EnsureState(State state)\n   at System.Diagnostics.Process.get_ExitCode()\n   at OpenQA.Selenium.SeleniumManager.RunCommand(String fileName, String arguments)\n   at OpenQA.Selenium.SeleniumManager.DriverPath(DriverOptions options)\n   at OpenQA.Selenium.DriverFinder.VerifyDriverServicePath(DriverService service, DriverOptions options)\n   --- End of inner exception stack trace ---\n   at OpenQA.Selenium.DriverFinder.VerifyDriverServicePath(DriverService service, DriverOptions options)\n   at OpenQA.Selenium.Chromium.ChromiumDriver..ctor(ChromiumDriverService service, ChromiumOptions options, TimeSpan commandTimeout)\n   at OpenQA.Selenium.Chrome.ChromeDriver..ctor(ChromeDriverService service, ChromeOptions options, TimeSpan commandTimeout)\n   at OpenQA.Selenium.Chrome.ChromeDriver..ctor(String chromeDriverDirectory, ChromeOptions options, TimeSpan commandTimeout)\n   at OpenQA.Selenium.Chrome.ChromeDriver..ctor(String chromeDriverDirectory, ChromeOptions options)\n   at todoly_specflow.src.code.factoryBrowser.Chrome.Create() in /home/runner/work/todoly-specflow/todoly-specflow/todoly-specflow/src/code/factoryBrowser/Chrome.cs:line 22\n   at todoly_specflow.src.code.session.Session..ctor() in /home/runner/work/todoly-specflow/todoly-specflow/todoly-specflow/src/code/session/Session.cs:line 14\n   at todoly_specflow.src.code.session.Session.<>c.<.cctor>b__10_0() in /home/runner/work/todoly-specflow/todoly-specflow/todoly-specflow/src/code/session/Session.cs:line 9\n   at System.Lazy`1.ViaFactory(LazyThreadSafetyMode mode)\n--- End of stack trace from previous location ---\n   at System.Lazy`1.CreateValue()\n   at System.Lazy`1.get_Value()\n   at todoly_specflow.src.code.session.Session.get_Instance() in /home/runner/work/todoly-specflow/todoly-specflow/todoly-specflow/src/code/session/Session.cs:line 17\n   at todoly_specflow.src.code.control.ControlSelenium.FindControl() in /home/runner/work/todoly-specflow/todoly-specflow/todoly-specflow/src/code/control/ControlSelenium.cs:line 16\n   at todoly_specflow.src.code.control.ControlSelenium.Click() in /home/runner/work/todoly-specflow/todoly-specflow/todoly-specflow/src/code/control/ControlSelenium.cs:line 20\n   at todoly_specflow.src.code.page.todoly.LeftSite.ClickProjectName(String nameValue) in /home/runner/work/todoly-specflow/todoly-specflow/todoly-specflow/src/code/page/LeftSite.cs:line 34\n   at todoly_specflow.src.code.test.testCase.TodolyPageFunctionalityOfProjectStepDefinitions.GivenIAmOnTheLeftSectionToClickTheProjectName(String projectName) in /home/runner/work/todoly-specflow/todoly-specflow/todoly-specflow/src/code/test/testCase/TodolyPageFunctionalityOfProjectStepDefinitions.cs:line 51\n   at TechTalk.SpecFlow.Bindings.BindingInvoker.InvokeBinding(IBinding binding, IContextManager contextManager, Object[] arguments, ITestTracer testTracer, TimeSpan& duration)\n   at Allure.SpecFlowPlugin.AllureBindingInvoker.InvokeBinding(IBinding binding, IContextManager contextManager, Object[] arguments, ITestTracer testTracer, TimeSpan& duration)\n   at TechTalk.SpecFlow.Infrastructure.TestExecutionEngine.ExecuteStepMatch(BindingMatch match, Object[] arguments, TimeSpan& duration)\n   at TechTalk.SpecFlow.Infrastructure.TestExecutionEngine.ExecuteStep(IContextManager contextManager, StepInstance stepInstance)","flaky":false,"newFailed":false,"newBroken":false,"newPassed":false,"retriesCount":3,"retriesStatusChange":true,"beforeStages":[],"testStage":{"status":"failed","statusMessage":"Unable to locate driver with path: /home/runner/work/todoly-specflow/todoly-specflow/todoly-specflow/resources/driver/chromedriver.exe/chromedriver, for more information on how to install drivers see https://www.selenium.dev/documentation/webdriver/getting_started/install_drivers/ -> No process is associated with this object.","statusTrace":"OpenQA.Selenium.WebDriverException: Unable to locate driver with path: /home/runner/work/todoly-specflow/todoly-specflow/todoly-specflow/resources/driver/chromedriver.exe/chromedriver, for more information on how to install drivers see https://www.selenium.dev/documentation/webdriver/getting_started/install_drivers/\n ---> System.InvalidOperationException: No process is associated with this object.\n   at System.Diagnostics.Process.EnsureState(State state)\n   at System.Diagnostics.Process.get_HasExited()\n   at System.Diagnostics.Process.EnsureState(State state)\n   at System.Diagnostics.Process.get_ExitCode()\n   at OpenQA.Selenium.SeleniumManager.RunCommand(String fileName, String arguments)\n   at OpenQA.Selenium.SeleniumManager.DriverPath(DriverOptions options)\n   at OpenQA.Selenium.DriverFinder.VerifyDriverServicePath(DriverService service, DriverOptions options)\n   --- End of inner exception stack trace ---\n   at OpenQA.Selenium.DriverFinder.VerifyDriverServicePath(DriverService service, DriverOptions options)\n   at OpenQA.Selenium.Chromium.ChromiumDriver..ctor(ChromiumDriverService service, ChromiumOptions options, TimeSpan commandTimeout)\n   at OpenQA.Selenium.Chrome.ChromeDriver..ctor(ChromeDriverService service, ChromeOptions options, TimeSpan commandTimeout)\n   at OpenQA.Selenium.Chrome.ChromeDriver..ctor(String chromeDriverDirectory, ChromeOptions options, TimeSpan commandTimeout)\n   at OpenQA.Selenium.Chrome.ChromeDriver..ctor(String chromeDriverDirectory, ChromeOptions options)\n   at todoly_specflow.src.code.factoryBrowser.Chrome.Create() in /home/runner/work/todoly-specflow/todoly-specflow/todoly-specflow/src/code/factoryBrowser/Chrome.cs:line 22\n   at todoly_specflow.src.code.session.Session..ctor() in /home/runner/work/todoly-specflow/todoly-specflow/todoly-specflow/src/code/session/Session.cs:line 14\n   at todoly_specflow.src.code.session.Session.<>c.<.cctor>b__10_0() in /home/runner/work/todoly-specflow/todoly-specflow/todoly-specflow/src/code/session/Session.cs:line 9\n   at System.Lazy`1.ViaFactory(LazyThreadSafetyMode mode)\n--- End of stack trace from previous location ---\n   at System.Lazy`1.CreateValue()\n   at System.Lazy`1.get_Value()\n   at todoly_specflow.src.code.session.Session.get_Instance() in /home/runner/work/todoly-specflow/todoly-specflow/todoly-specflow/src/code/session/Session.cs:line 17\n   at todoly_specflow.src.code.control.ControlSelenium.FindControl() in /home/runner/work/todoly-specflow/todoly-specflow/todoly-specflow/src/code/control/ControlSelenium.cs:line 16\n   at todoly_specflow.src.code.control.ControlSelenium.Click() in /home/runner/work/todoly-specflow/todoly-specflow/todoly-specflow/src/code/control/ControlSelenium.cs:line 20\n   at todoly_specflow.src.code.page.todoly.LeftSite.ClickProjectName(String nameValue) in /home/runner/work/todoly-specflow/todoly-specflow/todoly-specflow/src/code/page/LeftSite.cs:line 34\n   at todoly_specflow.src.code.test.testCase.TodolyPageFunctionalityOfProjectStepDefinitions.GivenIAmOnTheLeftSectionToClickTheProjectName(String projectName) in /home/runner/work/todoly-specflow/todoly-specflow/todoly-specflow/src/code/test/testCase/TodolyPageFunctionalityOfProjectStepDefinitions.cs:line 51\n   at TechTalk.SpecFlow.Bindings.BindingInvoker.InvokeBinding(IBinding binding, IContextManager contextManager, Object[] arguments, ITestTracer testTracer, TimeSpan& duration)\n   at Allure.SpecFlowPlugin.AllureBindingInvoker.InvokeBinding(IBinding binding, IContextManager contextManager, Object[] arguments, ITestTracer testTracer, TimeSpan& duration)\n   at TechTalk.SpecFlow.Infrastructure.TestExecutionEngine.ExecuteStepMatch(BindingMatch match, Object[] arguments, TimeSpan& duration)\n   at TechTalk.SpecFlow.Infrastructure.TestExecutionEngine.ExecuteStep(IContextManager contextManager, StepInstance stepInstance)","steps":[{"name":"Given  I am on the left section to click the project name \"MojixProject\"","time":{"start":1685724435609,"stop":1685724435612,"duration":3},"status":"failed","steps":[],"attachments":[],"parameters":[],"stepsCount":0,"attachmentsCount":0,"shouldDisplayMessage":false,"hasContent":false},{"name":"And  I click on sub menu icon to click the edit button","time":{"start":1685724435612,"stop":1685724435612,"duration":0},"status":"skipped","steps":[],"attachments":[],"parameters":[],"stepsCount":0,"attachmentsCount":0,"shouldDisplayMessage":false,"hasContent":false},{"name":"When  I enter the updated project name \"UpdatedProject\" and click the save button","time":{"start":1685724435612,"stop":1685724435612,"duration":0},"status":"skipped","steps":[],"attachments":[],"parameters":[],"stepsCount":0,"attachmentsCount":0,"shouldDisplayMessage":false,"hasContent":false},{"name":"Then  The updated project name \"UpdatedProject\" should be displayed on the left site section","time":{"start":1685724435612,"stop":1685724435612,"duration":0},"status":"skipped","steps":[],"attachments":[],"parameters":[],"stepsCount":0,"attachmentsCount":0,"shouldDisplayMessage":false,"hasContent":false}],"attachments":[],"parameters":[],"stepsCount":4,"attachmentsCount":0,"shouldDisplayMessage":true,"hasContent":true},"afterStages":[],"labels":[{"name":"thread","value":"NonParallelWorker"},{"name":"host","value":"fv-az402-54"},{"name":"feature","value":"Todoly Page Functionality of project"},{"name":"tag","value":"Todoly"},{"name":"tag","value":"UpdateProject"},{"name":"resultFormat","value":"allure2"}],"parameters":[],"links":[],"hidden":false,"retry":false,"extra":{"severity":"normal","retries":[{"uid":"68f54fe461e490b3","status":"passed","time":{"start":1685720998949,"stop":1685721000089,"duration":1140}},{"uid":"8b06602b7255bca9","status":"passed","time":{"start":1685720906542,"stop":1685720907670,"duration":1128}},{"uid":"5a56ba08ce5077ef","status":"passed","time":{"start":1685720196241,"stop":1685720197323,"duration":1082}}],"categories":[{"name":"Product defects","matchedStatuses":[],"flaky":false}],"tags":["Todoly","UpdateProject"]},"source":"88148c455d29bc5e.json","parameterValues":[]}