{"uid":"93719043ce0d3f0e","name":"04 Delete project","fullName":"04 Delete project","historyId":"04 Delete project","time":{"start":1685723854386,"stop":1685723854388,"duration":2},"status":"broken","statusMessage":"Unable to locate driver with path: /home/runner/work/todoly-specflow/todoly-specflow/todoly-specflow/resources/driver/chromedriver/chromedriver, for more information on how to install drivers see https://www.selenium.dev/documentation/webdriver/getting_started/install_drivers/ -> No process is associated with this object.","statusTrace":"OpenQA.Selenium.WebDriverException: Unable to locate driver with path: /home/runner/work/todoly-specflow/todoly-specflow/todoly-specflow/resources/driver/chromedriver/chromedriver, for more information on how to install drivers see https://www.selenium.dev/documentation/webdriver/getting_started/install_drivers/\n ---> System.InvalidOperationException: No process is associated with this object.\n   at System.Diagnostics.Process.EnsureState(State state)\n   at System.Diagnostics.Process.get_HasExited()\n   at System.Diagnostics.Process.EnsureState(State state)\n   at System.Diagnostics.Process.get_ExitCode()\n   at OpenQA.Selenium.SeleniumManager.RunCommand(String fileName, String arguments)\n   at OpenQA.Selenium.SeleniumManager.DriverPath(DriverOptions options)\n   at OpenQA.Selenium.DriverFinder.VerifyDriverServicePath(DriverService service, DriverOptions options)\n   --- End of inner exception stack trace ---\n   at OpenQA.Selenium.DriverFinder.VerifyDriverServicePath(DriverService service, DriverOptions options)\n   at OpenQA.Selenium.Chromium.ChromiumDriver..ctor(ChromiumDriverService service, ChromiumOptions options, TimeSpan commandTimeout)\n   at OpenQA.Selenium.Chrome.ChromeDriver..ctor(ChromeDriverService service, ChromeOptions options, TimeSpan commandTimeout)\n   at OpenQA.Selenium.Chrome.ChromeDriver..ctor(String chromeDriverDirectory, ChromeOptions options, TimeSpan commandTimeout)\n   at OpenQA.Selenium.Chrome.ChromeDriver..ctor(String chromeDriverDirectory, ChromeOptions options)\n   at todoly_specflow.src.code.factoryBrowser.Chrome.Create() in /home/runner/work/todoly-specflow/todoly-specflow/todoly-specflow/src/code/factoryBrowser/Chrome.cs:line 20\n   at todoly_specflow.src.code.session.Session..ctor() in /home/runner/work/todoly-specflow/todoly-specflow/todoly-specflow/src/code/session/Session.cs:line 14\n   at todoly_specflow.src.code.session.Session.<>c.<.cctor>b__10_0() in /home/runner/work/todoly-specflow/todoly-specflow/todoly-specflow/src/code/session/Session.cs:line 9\n   at System.Lazy`1.ViaFactory(LazyThreadSafetyMode mode)\n--- End of stack trace from previous location ---\n   at System.Lazy`1.CreateValue()\n   at System.Lazy`1.get_Value()\n   at todoly_specflow.src.code.session.Session.get_Instance() in /home/runner/work/todoly-specflow/todoly-specflow/todoly-specflow/src/code/session/Session.cs:line 17\n   at todoly_specflow.src.code.test.TestBase.CloseBrowser() in /home/runner/work/todoly-specflow/todoly-specflow/todoly-specflow/src/code/test/TestBase.cs:line 25\n   at TechTalk.SpecFlow.Bindings.BindingInvoker.InvokeBinding(IBinding binding, IContextManager contextManager, Object[] arguments, ITestTracer testTracer, TimeSpan& duration)\n   at Allure.SpecFlowPlugin.AllureBindingInvoker.InvokeBinding(IBinding binding, IContextManager contextManager, Object[] arguments, ITestTracer testTracer, TimeSpan& duration)","flaky":false,"newFailed":false,"newBroken":false,"newPassed":false,"retriesCount":3,"retriesStatusChange":true,"beforeStages":[],"testStage":{"status":"broken","statusMessage":"Unable to locate driver with path: /home/runner/work/todoly-specflow/todoly-specflow/todoly-specflow/resources/driver/chromedriver/chromedriver, for more information on how to install drivers see https://www.selenium.dev/documentation/webdriver/getting_started/install_drivers/ -> No process is associated with this object.","statusTrace":"OpenQA.Selenium.WebDriverException: Unable to locate driver with path: /home/runner/work/todoly-specflow/todoly-specflow/todoly-specflow/resources/driver/chromedriver/chromedriver, for more information on how to install drivers see https://www.selenium.dev/documentation/webdriver/getting_started/install_drivers/\n ---> System.InvalidOperationException: No process is associated with this object.\n   at System.Diagnostics.Process.EnsureState(State state)\n   at System.Diagnostics.Process.get_HasExited()\n   at System.Diagnostics.Process.EnsureState(State state)\n   at System.Diagnostics.Process.get_ExitCode()\n   at OpenQA.Selenium.SeleniumManager.RunCommand(String fileName, String arguments)\n   at OpenQA.Selenium.SeleniumManager.DriverPath(DriverOptions options)\n   at OpenQA.Selenium.DriverFinder.VerifyDriverServicePath(DriverService service, DriverOptions options)\n   --- End of inner exception stack trace ---\n   at OpenQA.Selenium.DriverFinder.VerifyDriverServicePath(DriverService service, DriverOptions options)\n   at OpenQA.Selenium.Chromium.ChromiumDriver..ctor(ChromiumDriverService service, ChromiumOptions options, TimeSpan commandTimeout)\n   at OpenQA.Selenium.Chrome.ChromeDriver..ctor(ChromeDriverService service, ChromeOptions options, TimeSpan commandTimeout)\n   at OpenQA.Selenium.Chrome.ChromeDriver..ctor(String chromeDriverDirectory, ChromeOptions options, TimeSpan commandTimeout)\n   at OpenQA.Selenium.Chrome.ChromeDriver..ctor(String chromeDriverDirectory, ChromeOptions options)\n   at todoly_specflow.src.code.factoryBrowser.Chrome.Create() in /home/runner/work/todoly-specflow/todoly-specflow/todoly-specflow/src/code/factoryBrowser/Chrome.cs:line 20\n   at todoly_specflow.src.code.session.Session..ctor() in /home/runner/work/todoly-specflow/todoly-specflow/todoly-specflow/src/code/session/Session.cs:line 14\n   at todoly_specflow.src.code.session.Session.<>c.<.cctor>b__10_0() in /home/runner/work/todoly-specflow/todoly-specflow/todoly-specflow/src/code/session/Session.cs:line 9\n   at System.Lazy`1.ViaFactory(LazyThreadSafetyMode mode)\n--- End of stack trace from previous location ---\n   at System.Lazy`1.CreateValue()\n   at System.Lazy`1.get_Value()\n   at todoly_specflow.src.code.session.Session.get_Instance() in /home/runner/work/todoly-specflow/todoly-specflow/todoly-specflow/src/code/session/Session.cs:line 17\n   at todoly_specflow.src.code.test.TestBase.CloseBrowser() in /home/runner/work/todoly-specflow/todoly-specflow/todoly-specflow/src/code/test/TestBase.cs:line 25\n   at TechTalk.SpecFlow.Bindings.BindingInvoker.InvokeBinding(IBinding binding, IContextManager contextManager, Object[] arguments, ITestTracer testTracer, TimeSpan& duration)\n   at Allure.SpecFlowPlugin.AllureBindingInvoker.InvokeBinding(IBinding binding, IContextManager contextManager, Object[] arguments, ITestTracer testTracer, TimeSpan& duration)","steps":[{"name":"Given  I am on the left section to click the updated project name \"UpdatedProject\"","time":{"start":1685723854386,"stop":1685723854387,"duration":1},"status":"failed","steps":[],"attachments":[],"parameters":[],"stepsCount":0,"attachmentsCount":0,"shouldDisplayMessage":false,"hasContent":false},{"name":"And  I click on sub menu icon to click the delete button","time":{"start":1685723854387,"stop":1685723854387,"duration":0},"status":"skipped","steps":[],"attachments":[],"parameters":[],"stepsCount":0,"attachmentsCount":0,"shouldDisplayMessage":false,"hasContent":false},{"name":"When  I accept the Alert message","time":{"start":1685723854387,"stop":1685723854387,"duration":0},"status":"skipped","steps":[],"attachments":[],"parameters":[],"stepsCount":0,"attachmentsCount":0,"shouldDisplayMessage":false,"hasContent":false},{"name":"Then  The project name \"UpdatedProject\" should no longer be displayed","time":{"start":1685723854387,"stop":1685723854388,"duration":1},"status":"skipped","steps":[],"attachments":[],"parameters":[],"stepsCount":0,"attachmentsCount":0,"shouldDisplayMessage":false,"hasContent":false}],"attachments":[],"parameters":[],"stepsCount":4,"attachmentsCount":0,"shouldDisplayMessage":true,"hasContent":true},"afterStages":[{"name":"CloseBrowser [10000]","time":{"start":1685723854388,"stop":1685723854389,"duration":1},"status":"broken","steps":[],"attachments":[],"parameters":[],"stepsCount":0,"attachmentsCount":0,"shouldDisplayMessage":false,"hasContent":false}],"labels":[{"name":"thread","value":"NonParallelWorker"},{"name":"host","value":"fv-az166-780"},{"name":"feature","value":"Todoly Page Functionality of project"},{"name":"tag","value":"Todoly"},{"name":"tag","value":"DeleteProject"},{"name":"resultFormat","value":"allure2"}],"parameters":[],"links":[],"hidden":false,"retry":false,"extra":{"severity":"normal","retries":[{"uid":"6122699761f1a3e3","status":"passed","time":{"start":1685721000090,"stop":1685721006216,"duration":6126}},{"uid":"28e14c3ac8cfa222","status":"passed","time":{"start":1685720907671,"stop":1685720913833,"duration":6162}},{"uid":"34d9f80b6792558f","status":"passed","time":{"start":1685720197323,"stop":1685720203421,"duration":6098}}],"categories":[{"name":"Test defects","matchedStatuses":[],"flaky":false}],"tags":["Todoly","DeleteProject"]},"source":"93719043ce0d3f0e.json","parameterValues":[]}