{"uid":"a744b918fe84a505","name":"02 Create project","fullName":"02 Create project","historyId":"02 Create project","time":{"start":1685720463708,"stop":1685720463713,"duration":5},"status":"failed","statusMessage":"session not created: This version of ChromeDriver only supports Chrome version 114\nCurrent browser version is 113.0.5672.126 with binary path /usr/bin/google-chrome (SessionNotCreated)","statusTrace":"System.InvalidOperationException: session not created: This version of ChromeDriver only supports Chrome version 114\nCurrent browser version is 113.0.5672.126 with binary path /usr/bin/google-chrome (SessionNotCreated)\n   at OpenQA.Selenium.WebDriver.UnpackAndThrowOnError(Response errorResponse, String commandToExecute)\n   at OpenQA.Selenium.WebDriver.Execute(String driverCommandToExecute, Dictionary`2 parameters)\n   at OpenQA.Selenium.WebDriver.StartSession(ICapabilities desiredCapabilities)\n   at OpenQA.Selenium.WebDriver..ctor(ICommandExecutor executor, ICapabilities capabilities)\n   at OpenQA.Selenium.Chromium.ChromiumDriver..ctor(ChromiumDriverService service, ChromiumOptions options, TimeSpan commandTimeout)\n   at OpenQA.Selenium.Chrome.ChromeDriver..ctor(ChromeDriverService service, ChromeOptions options, TimeSpan commandTimeout)\n   at OpenQA.Selenium.Chrome.ChromeDriver..ctor(ChromeOptions options)\n   at todoly_specflow.src.code.factoryBrowser.Chrome.Create() in /home/runner/work/todoly-specflow/todoly-specflow/todoly-specflow/src/code/factoryBrowser/Chrome.cs:line 20\n   at todoly_specflow.src.code.session.Session..ctor() in /home/runner/work/todoly-specflow/todoly-specflow/todoly-specflow/src/code/session/Session.cs:line 14\n   at todoly_specflow.src.code.session.Session.<>c.<.cctor>b__10_0() in /home/runner/work/todoly-specflow/todoly-specflow/todoly-specflow/src/code/session/Session.cs:line 9\n   at System.Lazy`1.ViaFactory(LazyThreadSafetyMode mode)\n--- End of stack trace from previous location ---\n   at System.Lazy`1.CreateValue()\n   at System.Lazy`1.get_Value()\n   at todoly_specflow.src.code.session.Session.get_Instance() in /home/runner/work/todoly-specflow/todoly-specflow/todoly-specflow/src/code/session/Session.cs:line 17\n   at todoly_specflow.src.code.control.ControlSelenium.FindControl() in /home/runner/work/todoly-specflow/todoly-specflow/todoly-specflow/src/code/control/ControlSelenium.cs:line 16\n   at todoly_specflow.src.code.control.ControlSelenium.Click() in /home/runner/work/todoly-specflow/todoly-specflow/todoly-specflow/src/code/control/ControlSelenium.cs:line 20\n   at todoly_specflow.src.code.test.testCase.TodolyPageFunctionalityOfProjectStepDefinitions.GivenIAmOnTheLeftSectionToClickTheAddNewProjectButton() in /home/runner/work/todoly-specflow/todoly-specflow/todoly-specflow/src/code/test/testCase/TodolyPageFunctionalityOfProjectStepDefinitions.cs:line 32\n   at TechTalk.SpecFlow.Bindings.BindingInvoker.InvokeBinding(IBinding binding, IContextManager contextManager, Object[] arguments, ITestTracer testTracer, TimeSpan& duration)\n   at Allure.SpecFlowPlugin.AllureBindingInvoker.InvokeBinding(IBinding binding, IContextManager contextManager, Object[] arguments, ITestTracer testTracer, TimeSpan& duration)\n   at TechTalk.SpecFlow.Infrastructure.TestExecutionEngine.ExecuteStepMatch(BindingMatch match, Object[] arguments, TimeSpan& duration)\n   at TechTalk.SpecFlow.Infrastructure.TestExecutionEngine.ExecuteStep(IContextManager contextManager, StepInstance stepInstance)","flaky":false,"newFailed":false,"newBroken":false,"newPassed":false,"retriesCount":1,"retriesStatusChange":true,"beforeStages":[],"testStage":{"status":"failed","statusMessage":"session not created: This version of ChromeDriver only supports Chrome version 114\nCurrent browser version is 113.0.5672.126 with binary path /usr/bin/google-chrome (SessionNotCreated)","statusTrace":"System.InvalidOperationException: session not created: This version of ChromeDriver only supports Chrome version 114\nCurrent browser version is 113.0.5672.126 with binary path /usr/bin/google-chrome (SessionNotCreated)\n   at OpenQA.Selenium.WebDriver.UnpackAndThrowOnError(Response errorResponse, String commandToExecute)\n   at OpenQA.Selenium.WebDriver.Execute(String driverCommandToExecute, Dictionary`2 parameters)\n   at OpenQA.Selenium.WebDriver.StartSession(ICapabilities desiredCapabilities)\n   at OpenQA.Selenium.WebDriver..ctor(ICommandExecutor executor, ICapabilities capabilities)\n   at OpenQA.Selenium.Chromium.ChromiumDriver..ctor(ChromiumDriverService service, ChromiumOptions options, TimeSpan commandTimeout)\n   at OpenQA.Selenium.Chrome.ChromeDriver..ctor(ChromeDriverService service, ChromeOptions options, TimeSpan commandTimeout)\n   at OpenQA.Selenium.Chrome.ChromeDriver..ctor(ChromeOptions options)\n   at todoly_specflow.src.code.factoryBrowser.Chrome.Create() in /home/runner/work/todoly-specflow/todoly-specflow/todoly-specflow/src/code/factoryBrowser/Chrome.cs:line 20\n   at todoly_specflow.src.code.session.Session..ctor() in /home/runner/work/todoly-specflow/todoly-specflow/todoly-specflow/src/code/session/Session.cs:line 14\n   at todoly_specflow.src.code.session.Session.<>c.<.cctor>b__10_0() in /home/runner/work/todoly-specflow/todoly-specflow/todoly-specflow/src/code/session/Session.cs:line 9\n   at System.Lazy`1.ViaFactory(LazyThreadSafetyMode mode)\n--- End of stack trace from previous location ---\n   at System.Lazy`1.CreateValue()\n   at System.Lazy`1.get_Value()\n   at todoly_specflow.src.code.session.Session.get_Instance() in /home/runner/work/todoly-specflow/todoly-specflow/todoly-specflow/src/code/session/Session.cs:line 17\n   at todoly_specflow.src.code.control.ControlSelenium.FindControl() in /home/runner/work/todoly-specflow/todoly-specflow/todoly-specflow/src/code/control/ControlSelenium.cs:line 16\n   at todoly_specflow.src.code.control.ControlSelenium.Click() in /home/runner/work/todoly-specflow/todoly-specflow/todoly-specflow/src/code/control/ControlSelenium.cs:line 20\n   at todoly_specflow.src.code.test.testCase.TodolyPageFunctionalityOfProjectStepDefinitions.GivenIAmOnTheLeftSectionToClickTheAddNewProjectButton() in /home/runner/work/todoly-specflow/todoly-specflow/todoly-specflow/src/code/test/testCase/TodolyPageFunctionalityOfProjectStepDefinitions.cs:line 32\n   at TechTalk.SpecFlow.Bindings.BindingInvoker.InvokeBinding(IBinding binding, IContextManager contextManager, Object[] arguments, ITestTracer testTracer, TimeSpan& duration)\n   at Allure.SpecFlowPlugin.AllureBindingInvoker.InvokeBinding(IBinding binding, IContextManager contextManager, Object[] arguments, ITestTracer testTracer, TimeSpan& duration)\n   at TechTalk.SpecFlow.Infrastructure.TestExecutionEngine.ExecuteStepMatch(BindingMatch match, Object[] arguments, TimeSpan& duration)\n   at TechTalk.SpecFlow.Infrastructure.TestExecutionEngine.ExecuteStep(IContextManager contextManager, StepInstance stepInstance)","steps":[{"name":"Given  I am on the left section to click the add new project button","time":{"start":1685720463708,"stop":1685720463712,"duration":4},"status":"failed","steps":[],"attachments":[],"parameters":[],"stepsCount":0,"attachmentsCount":0,"shouldDisplayMessage":false,"hasContent":false},{"name":"When  I enter the new project name \"MojixProject\" and click the add button","time":{"start":1685720463712,"stop":1685720463712,"duration":0},"status":"skipped","steps":[],"attachments":[],"parameters":[],"stepsCount":0,"attachmentsCount":0,"shouldDisplayMessage":false,"hasContent":false},{"name":"Then  The project name \"MojixProject\" should be displayed on the left site section","time":{"start":1685720463712,"stop":1685720463712,"duration":0},"status":"skipped","steps":[],"attachments":[],"parameters":[],"stepsCount":0,"attachmentsCount":0,"shouldDisplayMessage":false,"hasContent":false}],"attachments":[],"parameters":[],"stepsCount":3,"attachmentsCount":0,"shouldDisplayMessage":true,"hasContent":true},"afterStages":[],"labels":[{"name":"thread","value":"NonParallelWorker"},{"name":"host","value":"fv-az571-889"},{"name":"feature","value":"Todoly Page Functionality of project"},{"name":"tag","value":"Todoly"},{"name":"tag","value":"CreateProject"},{"name":"resultFormat","value":"allure2"}],"parameters":[],"links":[],"hidden":false,"retry":false,"extra":{"severity":"normal","retries":[{"uid":"e2f88f5e64141b72","status":"passed","time":{"start":1685720195245,"stop":1685720196217,"duration":972}}],"categories":[{"name":"Product defects","matchedStatuses":[],"flaky":false}],"tags":["Todoly","CreateProject"]},"source":"a744b918fe84a505.json","parameterValues":[]}