{"uid":"f11adbc7b4089d1e","name":"01 Login","fullName":"01 Login","historyId":"01 Login","time":{"start":1685725303448,"stop":1685725303477,"duration":29},"status":"broken","statusMessage":"Unable to locate driver with path: /home/runner/work/todoly-specflow/todoly-specflow/todoly-specflow/resources/driver/chromedriver, for more information on how to install drivers see https://www.selenium.dev/documentation/webdriver/getting_started/install_drivers/ -> No process is associated with this object.","statusTrace":"OpenQA.Selenium.WebDriverException: Unable to locate driver with path: /home/runner/work/todoly-specflow/todoly-specflow/todoly-specflow/resources/driver/chromedriver, for more information on how to install drivers see https://www.selenium.dev/documentation/webdriver/getting_started/install_drivers/\n ---> System.InvalidOperationException: No process is associated with this object.\n   at System.Diagnostics.Process.EnsureState(State state)\n   at System.Diagnostics.Process.get_HasExited()\n   at System.Diagnostics.Process.EnsureState(State state)\n   at System.Diagnostics.Process.get_ExitCode()\n   at OpenQA.Selenium.SeleniumManager.RunCommand(String fileName, String arguments)\n   at OpenQA.Selenium.SeleniumManager.DriverPath(DriverOptions options)\n   at OpenQA.Selenium.DriverFinder.VerifyDriverServicePath(DriverService service, DriverOptions options)\n   --- End of inner exception stack trace ---\n   at OpenQA.Selenium.DriverFinder.VerifyDriverServicePath(DriverService service, DriverOptions options)\n   at OpenQA.Selenium.Chromium.ChromiumDriver..ctor(ChromiumDriverService service, ChromiumOptions options, TimeSpan commandTimeout)\n   at OpenQA.Selenium.Chrome.ChromeDriver..ctor(ChromeDriverService service, ChromeOptions options, TimeSpan commandTimeout)\n   at OpenQA.Selenium.Chrome.ChromeDriver..ctor(String chromeDriverDirectory, ChromeOptions options, TimeSpan commandTimeout)\n   at OpenQA.Selenium.Chrome.ChromeDriver..ctor(String chromeDriverDirectory, ChromeOptions options)\n   at todoly_specflow.src.code.factoryBrowser.Chrome.Create() in /home/runner/work/todoly-specflow/todoly-specflow/todoly-specflow/src/code/factoryBrowser/Chrome.cs:line 42\n   at todoly_specflow.src.code.session.Session..ctor() in /home/runner/work/todoly-specflow/todoly-specflow/todoly-specflow/src/code/session/Session.cs:line 14\n   at todoly_specflow.src.code.session.Session.<>c.<.cctor>b__10_0() in /home/runner/work/todoly-specflow/todoly-specflow/todoly-specflow/src/code/session/Session.cs:line 9\n   at System.Lazy`1.ViaFactory(LazyThreadSafetyMode mode)\n   at System.Lazy`1.ExecutionAndPublication(LazyHelper executionAndPublication, Boolean useDefaultConstructor)\n   at System.Lazy`1.CreateValue()\n   at System.Lazy`1.get_Value()\n   at todoly_specflow.src.code.session.Session.get_Instance() in /home/runner/work/todoly-specflow/todoly-specflow/todoly-specflow/src/code/session/Session.cs:line 17\n   at todoly_specflow.src.code.test.TestBase.OpenBrowser() in /home/runner/work/todoly-specflow/todoly-specflow/todoly-specflow/src/code/test/TestBase.cs:line 19\n   at TechTalk.SpecFlow.Bindings.BindingInvoker.InvokeBinding(IBinding binding, IContextManager contextManager, Object[] arguments, ITestTracer testTracer, TimeSpan& duration)\n   at Allure.SpecFlowPlugin.AllureBindingInvoker.InvokeBinding(IBinding binding, IContextManager contextManager, Object[] arguments, ITestTracer testTracer, TimeSpan& duration)","flaky":false,"newFailed":false,"newBroken":false,"newPassed":false,"retriesCount":4,"retriesStatusChange":true,"beforeStages":[{"name":"OpenBrowser [10000]","time":{"start":1685725303200,"stop":1685725303440,"duration":240},"status":"broken","steps":[],"attachments":[],"parameters":[],"stepsCount":0,"attachmentsCount":0,"shouldDisplayMessage":false,"hasContent":false}],"testStage":{"status":"broken","statusMessage":"Unable to locate driver with path: /home/runner/work/todoly-specflow/todoly-specflow/todoly-specflow/resources/driver/chromedriver, for more information on how to install drivers see https://www.selenium.dev/documentation/webdriver/getting_started/install_drivers/ -> No process is associated with this object.","statusTrace":"OpenQA.Selenium.WebDriverException: Unable to locate driver with path: /home/runner/work/todoly-specflow/todoly-specflow/todoly-specflow/resources/driver/chromedriver, for more information on how to install drivers see https://www.selenium.dev/documentation/webdriver/getting_started/install_drivers/\n ---> System.InvalidOperationException: No process is associated with this object.\n   at System.Diagnostics.Process.EnsureState(State state)\n   at System.Diagnostics.Process.get_HasExited()\n   at System.Diagnostics.Process.EnsureState(State state)\n   at System.Diagnostics.Process.get_ExitCode()\n   at OpenQA.Selenium.SeleniumManager.RunCommand(String fileName, String arguments)\n   at OpenQA.Selenium.SeleniumManager.DriverPath(DriverOptions options)\n   at OpenQA.Selenium.DriverFinder.VerifyDriverServicePath(DriverService service, DriverOptions options)\n   --- End of inner exception stack trace ---\n   at OpenQA.Selenium.DriverFinder.VerifyDriverServicePath(DriverService service, DriverOptions options)\n   at OpenQA.Selenium.Chromium.ChromiumDriver..ctor(ChromiumDriverService service, ChromiumOptions options, TimeSpan commandTimeout)\n   at OpenQA.Selenium.Chrome.ChromeDriver..ctor(ChromeDriverService service, ChromeOptions options, TimeSpan commandTimeout)\n   at OpenQA.Selenium.Chrome.ChromeDriver..ctor(String chromeDriverDirectory, ChromeOptions options, TimeSpan commandTimeout)\n   at OpenQA.Selenium.Chrome.ChromeDriver..ctor(String chromeDriverDirectory, ChromeOptions options)\n   at todoly_specflow.src.code.factoryBrowser.Chrome.Create() in /home/runner/work/todoly-specflow/todoly-specflow/todoly-specflow/src/code/factoryBrowser/Chrome.cs:line 42\n   at todoly_specflow.src.code.session.Session..ctor() in /home/runner/work/todoly-specflow/todoly-specflow/todoly-specflow/src/code/session/Session.cs:line 14\n   at todoly_specflow.src.code.session.Session.<>c.<.cctor>b__10_0() in /home/runner/work/todoly-specflow/todoly-specflow/todoly-specflow/src/code/session/Session.cs:line 9\n   at System.Lazy`1.ViaFactory(LazyThreadSafetyMode mode)\n   at System.Lazy`1.ExecutionAndPublication(LazyHelper executionAndPublication, Boolean useDefaultConstructor)\n   at System.Lazy`1.CreateValue()\n   at System.Lazy`1.get_Value()\n   at todoly_specflow.src.code.session.Session.get_Instance() in /home/runner/work/todoly-specflow/todoly-specflow/todoly-specflow/src/code/session/Session.cs:line 17\n   at todoly_specflow.src.code.test.TestBase.OpenBrowser() in /home/runner/work/todoly-specflow/todoly-specflow/todoly-specflow/src/code/test/TestBase.cs:line 19\n   at TechTalk.SpecFlow.Bindings.BindingInvoker.InvokeBinding(IBinding binding, IContextManager contextManager, Object[] arguments, ITestTracer testTracer, TimeSpan& duration)\n   at Allure.SpecFlowPlugin.AllureBindingInvoker.InvokeBinding(IBinding binding, IContextManager contextManager, Object[] arguments, ITestTracer testTracer, TimeSpan& duration)","steps":[{"name":"Given  I am on the Todoly login section","time":{"start":1685725303459,"stop":1685725303466,"duration":7},"status":"skipped","steps":[],"attachments":[],"parameters":[],"stepsCount":0,"attachmentsCount":0,"shouldDisplayMessage":false,"hasContent":false},{"name":"When  I enter my username \"boris@gmail.com\" and password \"123456\", both valid, and click login","time":{"start":1685725303469,"stop":1685725303470,"duration":1},"status":"skipped","steps":[],"attachments":[],"parameters":[],"stepsCount":0,"attachmentsCount":0,"shouldDisplayMessage":false,"hasContent":false},{"name":"Then  I should be logged in and see the Todoly logout button","time":{"start":1685725303470,"stop":1685725303470,"duration":0},"status":"skipped","steps":[],"attachments":[],"parameters":[],"stepsCount":0,"attachmentsCount":0,"shouldDisplayMessage":false,"hasContent":false}],"attachments":[],"parameters":[],"stepsCount":3,"attachmentsCount":0,"shouldDisplayMessage":true,"hasContent":true},"afterStages":[],"labels":[{"name":"thread","value":"NonParallelWorker"},{"name":"host","value":"fv-az803-28"},{"name":"feature","value":"Todoly Page Functionality of project"},{"name":"tag","value":"Todoly"},{"name":"tag","value":"Login"},{"name":"resultFormat","value":"allure2"}],"parameters":[],"links":[],"hidden":false,"retry":false,"extra":{"severity":"normal","retries":[{"uid":"c68d47f239cc0592","status":"passed","time":{"start":1685725048146,"stop":1685725050779,"duration":2633}},{"uid":"14ae33223d7eb57e","status":"passed","time":{"start":1685720995270,"stop":1685720997984,"duration":2714}},{"uid":"6d8cf16f6d8555fb","status":"passed","time":{"start":1685720902831,"stop":1685720905561,"duration":2730}},{"uid":"c50fda4baf8afbcf","status":"passed","time":{"start":1685720192603,"stop":1685720195240,"duration":2637}}],"categories":[{"name":"Test defects","matchedStatuses":[],"flaky":false}],"tags":["Todoly","Login"]},"source":"f11adbc7b4089d1e.json","parameterValues":[]}